2024-01-09 10:46:08,537 [Worker-4: Loading available Gradle versions] INFO  o.e.b.c.i.u.g.PublishedGradleVersions - Gradle version information cache is up-to-date. Trying to read.
2024-01-09 10:59:53,243 [Worker-16: Launching mavenrun-f7ac76ec-47ed-4def-bfce-25a0e31fac64] INFO  o.eclipse.m2e.core.internal.Bundles - getClasspathEntries(Bundle=org.eclipse.m2e.maven.runtime_3.9.100.20230519-1558 [288])
2024-01-09 10:59:53,269 [Worker-16: Launching mavenrun-f7ac76ec-47ed-4def-bfce-25a0e31fac64] INFO  o.eclipse.m2e.core.internal.Bundles - 	Entry: C:\Users\Varun Ambrale\.p2\pool\plugins\org.eclipse.m2e.maven.runtime_3.9.100.20230519-1558
2024-01-09 10:59:53,270 [Worker-16: Launching mavenrun-f7ac76ec-47ed-4def-bfce-25a0e31fac64] INFO  o.eclipse.m2e.core.internal.Bundles - 	Entry: C:\Users\Varun Ambrale\.p2\pool\plugins\org.eclipse.m2e.maven.runtime_3.9.100.20230519-1558\jars\aether-connector-okhttp-0.17.8.jar
2024-01-09 10:59:53,276 [Worker-16: Launching mavenrun-f7ac76ec-47ed-4def-bfce-25a0e31fac64] INFO  o.eclipse.m2e.core.internal.Bundles - 	Entry: C:\Users\Varun Ambrale\.p2\pool\plugins\org.eclipse.m2e.maven.runtime_3.9.100.20230519-1558\jars\aopalliance-1.0.jar
2024-01-09 10:59:53,276 [Worker-16: Launching mavenrun-f7ac76ec-47ed-4def-bfce-25a0e31fac64] INFO  o.eclipse.m2e.core.internal.Bundles - 	Entry: C:\Users\Varun Ambrale\.p2\pool\plugins\org.eclipse.m2e.maven.runtime_3.9.100.20230519-1558\jars\commons-lang3-3.8.1.jar
2024-01-09 10:59:53,277 [Worker-16: Launching mavenrun-f7ac76ec-47ed-4def-bfce-25a0e31fac64] INFO  o.eclipse.m2e.core.internal.Bundles - 	Entry: C:\Users\Varun Ambrale\.p2\pool\plugins\org.eclipse.m2e.maven.runtime_3.9.100.20230519-1558\jars\failureaccess-1.0.1.jar
2024-01-09 10:59:53,277 [Worker-16: Launching mavenrun-f7ac76ec-47ed-4def-bfce-25a0e31fac64] INFO  o.eclipse.m2e.core.internal.Bundles - 	Entry: C:\Users\Varun Ambrale\.p2\pool\plugins\org.eclipse.m2e.maven.runtime_3.9.100.20230519-1558\jars\guava-30.1-jre.jar
2024-01-09 10:59:53,278 [Worker-16: Launching mavenrun-f7ac76ec-47ed-4def-bfce-25a0e31fac64] INFO  o.eclipse.m2e.core.internal.Bundles - 	Entry: C:\Users\Varun Ambrale\.p2\pool\plugins\org.eclipse.m2e.maven.runtime_3.9.100.20230519-1558\jars\guice-5.1.0.jar
2024-01-09 10:59:53,279 [Worker-16: Launching mavenrun-f7ac76ec-47ed-4def-bfce-25a0e31fac64] INFO  o.eclipse.m2e.core.internal.Bundles - 	Entry: C:\Users\Varun Ambrale\.p2\pool\plugins\org.eclipse.m2e.maven.runtime_3.9.100.20230519-1558\jars\jansi-2.4.0.jar
2024-01-09 10:59:53,279 [Worker-16: Launching mavenrun-f7ac76ec-47ed-4def-bfce-25a0e31fac64] INFO  o.eclipse.m2e.core.internal.Bundles - 	Entry: C:\Users\Varun Ambrale\.p2\pool\plugins\org.eclipse.m2e.maven.runtime_3.9.100.20230519-1558\jars\maven-artifact-3.9.1.jar
2024-01-09 10:59:53,280 [Worker-16: Launching mavenrun-f7ac76ec-47ed-4def-bfce-25a0e31fac64] INFO  o.eclipse.m2e.core.internal.Bundles - 	Entry: C:\Users\Varun Ambrale\.p2\pool\plugins\org.eclipse.m2e.maven.runtime_3.9.100.20230519-1558\jars\maven-builder-support-3.9.1.jar
2024-01-09 10:59:53,280 [Worker-16: Launching mavenrun-f7ac76ec-47ed-4def-bfce-25a0e31fac64] INFO  o.eclipse.m2e.core.internal.Bundles - 	Entry: C:\Users\Varun Ambrale\.p2\pool\plugins\org.eclipse.m2e.maven.runtime_3.9.100.20230519-1558\jars\maven-compat-3.9.1.jar
2024-01-09 10:59:53,281 [Worker-16: Launching mavenrun-f7ac76ec-47ed-4def-bfce-25a0e31fac64] INFO  o.eclipse.m2e.core.internal.Bundles - 	Entry: C:\Users\Varun Ambrale\.p2\pool\plugins\org.eclipse.m2e.maven.runtime_3.9.100.20230519-1558\jars\maven-core-3.9.1.jar
2024-01-09 10:59:53,281 [Worker-16: Launching mavenrun-f7ac76ec-47ed-4def-bfce-25a0e31fac64] INFO  o.eclipse.m2e.core.internal.Bundles - 	Entry: C:\Users\Varun Ambrale\.p2\pool\plugins\org.eclipse.m2e.maven.runtime_3.9.100.20230519-1558\jars\maven-embedder-3.9.1.jar
2024-01-09 10:59:53,282 [Worker-16: Launching mavenrun-f7ac76ec-47ed-4def-bfce-25a0e31fac64] INFO  o.eclipse.m2e.core.internal.Bundles - 	Entry: C:\Users\Varun Ambrale\.p2\pool\plugins\org.eclipse.m2e.maven.runtime_3.9.100.20230519-1558\jars\maven-model-3.9.1.jar
2024-01-09 10:59:53,283 [Worker-16: Launching mavenrun-f7ac76ec-47ed-4def-bfce-25a0e31fac64] INFO  o.eclipse.m2e.core.internal.Bundles - 	Entry: C:\Users\Varun Ambrale\.p2\pool\plugins\org.eclipse.m2e.maven.runtime_3.9.100.20230519-1558\jars\maven-model-builder-3.9.1.jar
2024-01-09 10:59:53,284 [Worker-16: Launching mavenrun-f7ac76ec-47ed-4def-bfce-25a0e31fac64] INFO  o.eclipse.m2e.core.internal.Bundles - 	Entry: C:\Users\Varun Ambrale\.p2\pool\plugins\org.eclipse.m2e.maven.runtime_3.9.100.20230519-1558\jars\maven-plugin-api-3.9.1.jar
2024-01-09 10:59:53,284 [Worker-16: Launching mavenrun-f7ac76ec-47ed-4def-bfce-25a0e31fac64] INFO  o.eclipse.m2e.core.internal.Bundles - 	Entry: C:\Users\Varun Ambrale\.p2\pool\plugins\org.eclipse.m2e.maven.runtime_3.9.100.20230519-1558\jars\maven-repository-metadata-3.9.1.jar
2024-01-09 10:59:53,285 [Worker-16: Launching mavenrun-f7ac76ec-47ed-4def-bfce-25a0e31fac64] INFO  o.eclipse.m2e.core.internal.Bundles - 	Entry: C:\Users\Varun Ambrale\.p2\pool\plugins\org.eclipse.m2e.maven.runtime_3.9.100.20230519-1558\jars\maven-resolver-api-1.9.7.jar
2024-01-09 10:59:53,285 [Worker-16: Launching mavenrun-f7ac76ec-47ed-4def-bfce-25a0e31fac64] INFO  o.eclipse.m2e.core.internal.Bundles - 	Entry: C:\Users\Varun Ambrale\.p2\pool\plugins\org.eclipse.m2e.maven.runtime_3.9.100.20230519-1558\jars\maven-resolver-connector-basic-1.9.7.jar
2024-01-09 10:59:53,285 [Worker-16: Launching mavenrun-f7ac76ec-47ed-4def-bfce-25a0e31fac64] INFO  o.eclipse.m2e.core.internal.Bundles - 	Entry: C:\Users\Varun Ambrale\.p2\pool\plugins\org.eclipse.m2e.maven.runtime_3.9.100.20230519-1558\jars\maven-resolver-impl-1.9.7.jar
2024-01-09 10:59:53,286 [Worker-16: Launching mavenrun-f7ac76ec-47ed-4def-bfce-25a0e31fac64] INFO  o.eclipse.m2e.core.internal.Bundles - 	Entry: C:\Users\Varun Ambrale\.p2\pool\plugins\org.eclipse.m2e.maven.runtime_3.9.100.20230519-1558\jars\maven-resolver-named-locks-1.9.7.jar
2024-01-09 10:59:53,287 [Worker-16: Launching mavenrun-f7ac76ec-47ed-4def-bfce-25a0e31fac64] INFO  o.eclipse.m2e.core.internal.Bundles - 	Entry: C:\Users\Varun Ambrale\.p2\pool\plugins\org.eclipse.m2e.maven.runtime_3.9.100.20230519-1558\jars\maven-resolver-provider-3.9.1.jar
2024-01-09 10:59:53,287 [Worker-16: Launching mavenrun-f7ac76ec-47ed-4def-bfce-25a0e31fac64] INFO  o.eclipse.m2e.core.internal.Bundles - 	Entry: C:\Users\Varun Ambrale\.p2\pool\plugins\org.eclipse.m2e.maven.runtime_3.9.100.20230519-1558\jars\maven-resolver-spi-1.9.7.jar
2024-01-09 10:59:53,288 [Worker-16: Launching mavenrun-f7ac76ec-47ed-4def-bfce-25a0e31fac64] INFO  o.eclipse.m2e.core.internal.Bundles - 	Entry: C:\Users\Varun Ambrale\.p2\pool\plugins\org.eclipse.m2e.maven.runtime_3.9.100.20230519-1558\jars\maven-resolver-transport-wagon-1.9.7.jar
2024-01-09 10:59:53,288 [Worker-16: Launching mavenrun-f7ac76ec-47ed-4def-bfce-25a0e31fac64] INFO  o.eclipse.m2e.core.internal.Bundles - 	Entry: C:\Users\Varun Ambrale\.p2\pool\plugins\org.eclipse.m2e.maven.runtime_3.9.100.20230519-1558\jars\maven-resolver-util-1.9.7.jar
2024-01-09 10:59:53,289 [Worker-16: Launching mavenrun-f7ac76ec-47ed-4def-bfce-25a0e31fac64] INFO  o.eclipse.m2e.core.internal.Bundles - 	Entry: C:\Users\Varun Ambrale\.p2\pool\plugins\org.eclipse.m2e.maven.runtime_3.9.100.20230519-1558\jars\maven-settings-3.9.1.jar
2024-01-09 10:59:53,290 [Worker-16: Launching mavenrun-f7ac76ec-47ed-4def-bfce-25a0e31fac64] INFO  o.eclipse.m2e.core.internal.Bundles - 	Entry: C:\Users\Varun Ambrale\.p2\pool\plugins\org.eclipse.m2e.maven.runtime_3.9.100.20230519-1558\jars\maven-settings-builder-3.9.1.jar
2024-01-09 10:59:53,290 [Worker-16: Launching mavenrun-f7ac76ec-47ed-4def-bfce-25a0e31fac64] INFO  o.eclipse.m2e.core.internal.Bundles - 	Entry: C:\Users\Varun Ambrale\.p2\pool\plugins\org.eclipse.m2e.maven.runtime_3.9.100.20230519-1558\jars\maven-shared-utils-3.3.4.jar
2024-01-09 10:59:53,291 [Worker-16: Launching mavenrun-f7ac76ec-47ed-4def-bfce-25a0e31fac64] INFO  o.eclipse.m2e.core.internal.Bundles - 	Entry: C:\Users\Varun Ambrale\.p2\pool\plugins\org.eclipse.m2e.maven.runtime_3.9.100.20230519-1558\jars\okhttp-3.14.1.jar
2024-01-09 10:59:53,291 [Worker-16: Launching mavenrun-f7ac76ec-47ed-4def-bfce-25a0e31fac64] INFO  o.eclipse.m2e.core.internal.Bundles - 	Entry: C:\Users\Varun Ambrale\.p2\pool\plugins\org.eclipse.m2e.maven.runtime_3.9.100.20230519-1558\jars\okio-1.17.3.jar
2024-01-09 10:59:53,292 [Worker-16: Launching mavenrun-f7ac76ec-47ed-4def-bfce-25a0e31fac64] INFO  o.eclipse.m2e.core.internal.Bundles - 	Entry: C:\Users\Varun Ambrale\.p2\pool\plugins\org.eclipse.m2e.maven.runtime_3.9.100.20230519-1558\jars\org.eclipse.sisu.inject-0.3.5.jar
2024-01-09 10:59:53,293 [Worker-16: Launching mavenrun-f7ac76ec-47ed-4def-bfce-25a0e31fac64] INFO  o.eclipse.m2e.core.internal.Bundles - 	Entry: C:\Users\Varun Ambrale\.p2\pool\plugins\org.eclipse.m2e.maven.runtime_3.9.100.20230519-1558\jars\org.eclipse.sisu.plexus-0.3.5.jar
2024-01-09 10:59:53,293 [Worker-16: Launching mavenrun-f7ac76ec-47ed-4def-bfce-25a0e31fac64] INFO  o.eclipse.m2e.core.internal.Bundles - 	Entry: C:\Users\Varun Ambrale\.p2\pool\plugins\org.eclipse.m2e.maven.runtime_3.9.100.20230519-1558\jars\plexus-build-api-0.0.7.jar
2024-01-09 10:59:53,294 [Worker-16: Launching mavenrun-f7ac76ec-47ed-4def-bfce-25a0e31fac64] INFO  o.eclipse.m2e.core.internal.Bundles - 	Entry: C:\Users\Varun Ambrale\.p2\pool\plugins\org.eclipse.m2e.maven.runtime_3.9.100.20230519-1558\jars\plexus-cipher-2.0.jar
2024-01-09 10:59:53,295 [Worker-16: Launching mavenrun-f7ac76ec-47ed-4def-bfce-25a0e31fac64] INFO  o.eclipse.m2e.core.internal.Bundles - 	Entry: C:\Users\Varun Ambrale\.p2\pool\plugins\org.eclipse.m2e.maven.runtime_3.9.100.20230519-1558\jars\plexus-classworlds-2.6.0.jar
2024-01-09 10:59:53,295 [Worker-16: Launching mavenrun-f7ac76ec-47ed-4def-bfce-25a0e31fac64] INFO  o.eclipse.m2e.core.internal.Bundles - 	Entry: C:\Users\Varun Ambrale\.p2\pool\plugins\org.eclipse.m2e.maven.runtime_3.9.100.20230519-1558\jars\plexus-component-annotations-2.1.0.jar
2024-01-09 10:59:53,298 [Worker-16: Launching mavenrun-f7ac76ec-47ed-4def-bfce-25a0e31fac64] INFO  o.eclipse.m2e.core.internal.Bundles - 	Entry: C:\Users\Varun Ambrale\.p2\pool\plugins\org.eclipse.m2e.maven.runtime_3.9.100.20230519-1558\jars\plexus-interpolation-1.26.jar
2024-01-09 10:59:53,299 [Worker-16: Launching mavenrun-f7ac76ec-47ed-4def-bfce-25a0e31fac64] INFO  o.eclipse.m2e.core.internal.Bundles - 	Entry: C:\Users\Varun Ambrale\.p2\pool\plugins\org.eclipse.m2e.maven.runtime_3.9.100.20230519-1558\jars\plexus-sec-dispatcher-2.0.jar
2024-01-09 10:59:53,299 [Worker-16: Launching mavenrun-f7ac76ec-47ed-4def-bfce-25a0e31fac64] INFO  o.eclipse.m2e.core.internal.Bundles - 	Entry: C:\Users\Varun Ambrale\.p2\pool\plugins\org.eclipse.m2e.maven.runtime_3.9.100.20230519-1558\jars\plexus-utils-3.5.1.jar
2024-01-09 10:59:53,300 [Worker-16: Launching mavenrun-f7ac76ec-47ed-4def-bfce-25a0e31fac64] INFO  o.eclipse.m2e.core.internal.Bundles - 	Entry: C:\Users\Varun Ambrale\.p2\pool\plugins\org.eclipse.m2e.maven.runtime_3.9.100.20230519-1558\jars\wagon-file-3.5.3.jar
2024-01-09 10:59:53,300 [Worker-16: Launching mavenrun-f7ac76ec-47ed-4def-bfce-25a0e31fac64] INFO  o.eclipse.m2e.core.internal.Bundles - 	Entry: C:\Users\Varun Ambrale\.p2\pool\plugins\org.eclipse.m2e.maven.runtime_3.9.100.20230519-1558\jars\wagon-provider-api-3.5.3.jar
2024-01-09 10:59:53,331 [Worker-16: Launching mavenrun-f7ac76ec-47ed-4def-bfce-25a0e31fac64] INFO  o.eclipse.m2e.core.internal.Bundles - getClasspathEntries(Bundle=com.google.guava_31.1.0.jre [11])
2024-01-09 10:59:53,333 [Worker-16: Launching mavenrun-f7ac76ec-47ed-4def-bfce-25a0e31fac64] INFO  o.eclipse.m2e.core.internal.Bundles - 	Entry: C:\Users\Varun Ambrale\.p2\pool\plugins\com.google.guava_31.1.0.jre.jar
2024-01-09 10:59:53,333 [Worker-16: Launching mavenrun-f7ac76ec-47ed-4def-bfce-25a0e31fac64] INFO  o.eclipse.m2e.core.internal.Bundles - getClasspathEntries(Bundle=slf4j.api_1.7.36 [516])
2024-01-09 10:59:53,335 [Worker-16: Launching mavenrun-f7ac76ec-47ed-4def-bfce-25a0e31fac64] INFO  o.eclipse.m2e.core.internal.Bundles - 	Entry: C:\Users\Varun Ambrale\.p2\pool\plugins\slf4j.api_1.7.36.jar
2024-01-09 10:59:53,336 [Worker-16: Launching mavenrun-f7ac76ec-47ed-4def-bfce-25a0e31fac64] INFO  o.eclipse.m2e.core.internal.Bundles - getClasspathEntries(Bundle=javax.inject_1.0.0.v20220405-0441 [25])
2024-01-09 10:59:53,339 [Worker-16: Launching mavenrun-f7ac76ec-47ed-4def-bfce-25a0e31fac64] INFO  o.eclipse.m2e.core.internal.Bundles - 	Entry: C:\Users\Varun Ambrale\.p2\pool\plugins\javax.inject_1.0.0.v20220405-0441.jar
2024-01-09 10:59:53,339 [Worker-16: Launching mavenrun-f7ac76ec-47ed-4def-bfce-25a0e31fac64] INFO  o.eclipse.m2e.core.internal.Bundles - getClasspathEntries(Bundle=javax.annotation_1.3.5.v20230504-0748 [23])
2024-01-09 10:59:53,342 [Worker-16: Launching mavenrun-f7ac76ec-47ed-4def-bfce-25a0e31fac64] INFO  o.eclipse.m2e.core.internal.Bundles - 	Entry: C:\Users\Varun Ambrale\.p2\pool\plugins\javax.annotation_1.3.5.v20230504-0748.jar
2024-01-09 10:59:53,342 [Worker-16: Launching mavenrun-f7ac76ec-47ed-4def-bfce-25a0e31fac64] INFO  o.eclipse.m2e.core.internal.Bundles - getClasspathEntries(Bundle=org.apache.commons.cli_1.5.0 [47])
2024-01-09 10:59:53,345 [Worker-16: Launching mavenrun-f7ac76ec-47ed-4def-bfce-25a0e31fac64] INFO  o.eclipse.m2e.core.internal.Bundles - 	Entry: C:\Users\Varun Ambrale\.p2\pool\plugins\org.apache.commons.cli_1.5.0.jar
2024-01-09 10:59:53,345 [Worker-16: Launching mavenrun-f7ac76ec-47ed-4def-bfce-25a0e31fac64] INFO  o.eclipse.m2e.core.internal.Bundles - getClasspathEntries(Bundle=com.google.guava.failureaccess_1.0.1 [12])
2024-01-09 10:59:53,349 [Worker-16: Launching mavenrun-f7ac76ec-47ed-4def-bfce-25a0e31fac64] INFO  o.eclipse.m2e.core.internal.Bundles - 	Entry: C:\Users\Varun Ambrale\.p2\pool\plugins\com.google.guava.failureaccess_1.0.1.jar
2024-01-09 10:59:53,368 [Worker-16: Launching mavenrun-f7ac76ec-47ed-4def-bfce-25a0e31fac64] INFO  o.e.m.i.launch.MavenLaunchDelegate - Run build in "C:\Users\VARUNA~1\AppData\Local\Temp\m2e-archetypeGenerator9162540842906799825":
2024-01-09 10:59:53,376 [Worker-16: Launching mavenrun-f7ac76ec-47ed-4def-bfce-25a0e31fac64] INFO  o.e.m.i.launch.MavenLaunchDelegate -  mvn  -DarchetypeGroupId=org.apache.maven.archetypes -DarchetypeArtifactId=maven-archetype-quickstart -DarchetypeVersion=1.4 -DgroupId=jan_demo -DartifactId=jan_demo -Dversion=0.0.1-SNAPSHOT -Dpackage=jan_demo.jan_demo -DoutputDirectory="C:\Users\Varun Ambrale\Desktop\Testing Notes\Automation Junaid sir\Selenium\SauceDemo\SauceDemoFramework" -Dstyle.color=always -U archetype:generate
2024-01-09 11:00:40,039 [Worker-17: Creating maven-archetype-quickstart] INFO  o.e.m.c.i.p.ProjectConfigurationManager - Collecting project info '/pom.xml' C:\Users\Varun Ambrale\Desktop\Testing Notes\Automation Junaid sir\Selenium\SauceDemo\SauceDemoFramework\jan_demo\pom.xml
2024-01-09 11:00:42,756 [Worker-17: Creating maven-archetype-quickstart] INFO  o.e.m.c.i.l.LifecycleMappingFactory - Using org.eclipse.m2e.jdt.JarLifecycleMapping lifecycle mapping for MavenProject: jan_demo:jan_demo:0.0.1-SNAPSHOT @ C:\Users\Varun Ambrale\Desktop\Testing Notes\Automation Junaid sir\Selenium\SauceDemo\SauceDemoFramework\jan_demo\pom.xml.
2024-01-09 11:00:44,684 [Worker-17: Creating maven-archetype-quickstart] INFO  o.e.m.j.i.AbstractJavaProjectConfigurator - Adding source folder /jan_demo/src/main/java
2024-01-09 11:00:44,688 [Worker-17: Creating maven-archetype-quickstart] INFO  o.e.m.j.i.AbstractJavaProjectConfigurator - Adding resource folder /jan_demo/src/main/resources
2024-01-09 11:00:44,707 [Worker-17: Creating maven-archetype-quickstart] INFO  o.e.m.j.i.AbstractJavaProjectConfigurator - Adding source folder /jan_demo/src/test/java
2024-01-09 11:00:44,708 [Worker-17: Creating maven-archetype-quickstart] INFO  o.e.m.j.i.AbstractJavaProjectConfigurator - Adding resource folder /jan_demo/src/test/resources
2024-01-09 11:00:45,140 [Worker-17: Creating maven-archetype-quickstart] INFO  o.e.m.c.i.p.ProjectConfigurationManager - Imported and configured 1 project(s) in 5 sec
2024-01-09 11:00:48,597 [Worker-14: Building] INFO  o.e.m.c.i.embedder.EclipseLogger - Using 'UTF-8' encoding to copy filtered resources.
2024-01-09 11:00:48,598 [Worker-14: Building] INFO  o.e.m.c.i.embedder.EclipseLogger - skip non existing resourceDirectory C:\Users\Varun Ambrale\Desktop\Testing Notes\Automation Junaid sir\Selenium\SauceDemo\SauceDemoFramework\jan_demo\src\main\resources
2024-01-09 11:00:48,608 [Worker-14: Building] INFO  o.e.m.c.i.embedder.EclipseLogger - Using 'UTF-8' encoding to copy filtered resources.
2024-01-09 11:00:48,609 [Worker-14: Building] INFO  o.e.m.c.i.embedder.EclipseLogger - skip non existing resourceDirectory C:\Users\Varun Ambrale\Desktop\Testing Notes\Automation Junaid sir\Selenium\SauceDemo\SauceDemoFramework\jan_demo\src\test\resources
